<?xml version="1.0" encoding="UTF-8"?>
<!-- Generated by org.testng.reporters.JUnitXMLReporter -->
<testsuite hostname="DESKTOP-8T7H1GT" ignored="0" name="Login Logout" tests="2" failures="0" timestamp="03 Nov 2017 19:56:37 GMT" time="5.065" errors="0">
  <testcase name="@BeforeClass beforeClass" time="4.901" classname="com.test.mystore.MyStoreUIWebBase">
    <failure type="java.lang.NullPointerException" message="null value in entry: url=null">
      <![CDATA[java.lang.NullPointerException: null value in entry: url=null
	at com.google.common.collect.CollectPreconditions.checkEntryNotNull(CollectPreconditions.java:34)
	at com.google.common.collect.SingletonImmutableBiMap.<init>(SingletonImmutableBiMap.java:42)
	at com.google.common.collect.ImmutableBiMap.of(ImmutableBiMap.java:73)
	at com.google.common.collect.ImmutableMap.of(ImmutableMap.java:123)
	at org.openqa.selenium.remote.RemoteWebDriver.get(RemoteWebDriver.java:310)
	at com.test.mystore.MyStoreUIWebBase.beforeClass(MyStoreUIWebBase.java:55)
... Removed 25 stack frames]]>
    </failure>
  </testcase> <!-- @BeforeClass beforeClass -->
  <testcase name="@AfterClass afterClass" time="0.0" classname="com.test.mystore.MyStoreUIWebBase">
    <skipped/>
  </testcase> <!-- @AfterClass afterClass -->
  <testcase name="@AfterTest afterMyStoreUIWebTest" time="0.0" classname="com.test.mystore.MyStoreUIWebBase">
    <skipped/>
  </testcase> <!-- @AfterTest afterMyStoreUIWebTest -->
  <testcase name="t01_Login" time="0.0" classname="com.test.mystore.ui_tests.Login_Logout">
    <skipped/>
  </testcase> <!-- t01_Login -->
  <testcase name="t02_Logout" time="0.0" classname="com.test.mystore.ui_tests.Login_Logout">
    <skipped/>
  </testcase> <!-- t02_Logout -->
</testsuite> <!-- Login Logout -->
