<?xml version="1.0" encoding="UTF-8"?>
<!-- Generated by org.testng.reporters.JUnitXMLReporter -->
<testsuite hostname="DESKTOP-8T7H1GT" ignored="0" name="Proprity Test Demo" tests="6" failures="0" timestamp="18 Dec 2017 05:33:17 GMT" time="0.047" errors="0">
  <testcase name="testMethod3" time="0.0" classname="testng_priority.TestNG_PrioritiyTest2"/>
  <testcase name="testMethod3" time="0.0" classname="testng_priority.TestNG_PrioritiyTest1"/>
  <testcase name="testMethod1" time="0.0" classname="testng_priority.TestNG_PrioritiyTest2"/>
  <testcase name="testMethod2" time="0.0" classname="testng_priority.TestNG_PrioritiyTest2"/>
  <testcase name="testMethod1" time="0.0" classname="testng_priority.TestNG_PrioritiyTest1"/>
  <testcase name="testMethod2" time="0.016" classname="testng_priority.TestNG_PrioritiyTest1"/>
</testsuite> <!-- Proprity Test Demo -->
