<?xml version="1.0" encoding="UTF-8"?>
<!-- Generated by org.testng.reporters.JUnitXMLReporter -->
<testsuite hostname="DESKTOP-8T7H1GT" ignored="0" name="Test 1" tests="4" failures="0" timestamp="18 Dec 2017 05:35:29 GMT" time="0.063" errors="0">
  <testcase name="testMethod1" time="0.016" classname="testng_preserve.TestNG_Preserve2"/>
  <testcase name="testMethod2" time="0.015" classname="testng_preserve.TestNG_Preserve2"/>
  <testcase name="testMethod1" time="0.0" classname="testng_preserve.TestNG_Preserve1"/>
  <testcase name="testMethod2" time="0.016" classname="testng_preserve.TestNG_Preserve1"/>
</testsuite> <!-- Test 1 -->
