<?xml version="1.0" encoding="UTF-8"?>
<testng-results skipped="0" failed="0" ignored="0" total="15" passed="15">
  <reporter-output>
  </reporter-output>
  <suite name="Default suite" duration-ms="1777" started-at="2018-03-15T11:48:19Z" finished-at="2018-03-15T11:48:21Z">
    <groups>
    </groups>
    <test name="Default test" duration-ms="1777" started-at="2018-03-15T11:48:19Z" finished-at="2018-03-15T11:48:21Z">
      <class name="excel.XLSlDataProviderTestNGDemo">
        <test-method status="PASS" signature="test01(java.lang.String, java.lang.String, double, boolean)[pri:0, instance:excel.XLSlDataProviderTestNGDemo@20398b7c]" name="test01" duration-ms="49" started-at="2018-03-15T17:18:20Z" data-provider="xls_provider" finished-at="2018-03-15T17:18:20Z">
          <params>
            <param index="0">
              <value>
                <![CDATA[01]]>
              </value>
            </param>
            <param index="1">
              <value>
                <![CDATA[Name01]]>
              </value>
            </param>
            <param index="2">
              <value>
                <![CDATA[10.0]]>
              </value>
            </param>
            <param index="3">
              <value>
                <![CDATA[true]]>
              </value>
            </param>
          </params>
          <reporter-output>
          </reporter-output>
        </test-method> <!-- test01 -->
        <test-method status="PASS" signature="test01(java.lang.String, java.lang.String, double, boolean)[pri:0, instance:excel.XLSlDataProviderTestNGDemo@20398b7c]" name="test01" duration-ms="2" started-at="2018-03-15T17:18:20Z" data-provider="xls_provider" finished-at="2018-03-15T17:18:20Z">
          <params>
            <param index="0">
              <value>
                <![CDATA[02]]>
              </value>
            </param>
            <param index="1">
              <value>
                <![CDATA[Name02]]>
              </value>
            </param>
            <param index="2">
              <value>
                <![CDATA[11.0]]>
              </value>
            </param>
            <param index="3">
              <value>
                <![CDATA[true]]>
              </value>
            </param>
          </params>
          <reporter-output>
          </reporter-output>
        </test-method> <!-- test01 -->
        <test-method status="PASS" signature="test01(java.lang.String, java.lang.String, double, boolean)[pri:0, instance:excel.XLSlDataProviderTestNGDemo@20398b7c]" name="test01" duration-ms="1" started-at="2018-03-15T17:18:20Z" data-provider="xls_provider" finished-at="2018-03-15T17:18:20Z">
          <params>
            <param index="0">
              <value>
                <![CDATA[03]]>
              </value>
            </param>
            <param index="1">
              <value>
                <![CDATA[Name03]]>
              </value>
            </param>
            <param index="2">
              <value>
                <![CDATA[34.0]]>
              </value>
            </param>
            <param index="3">
              <value>
                <![CDATA[true]]>
              </value>
            </param>
          </params>
          <reporter-output>
          </reporter-output>
        </test-method> <!-- test01 -->
        <test-method status="PASS" signature="test01(java.lang.String, java.lang.String, double, boolean)[pri:0, instance:excel.XLSlDataProviderTestNGDemo@20398b7c]" name="test01" duration-ms="1" started-at="2018-03-15T17:18:20Z" data-provider="xls_provider" finished-at="2018-03-15T17:18:20Z">
          <params>
            <param index="0">
              <value>
                <![CDATA[04]]>
              </value>
            </param>
            <param index="1">
              <value>
                <![CDATA[Name04]]>
              </value>
            </param>
            <param index="2">
              <value>
                <![CDATA[44.0]]>
              </value>
            </param>
            <param index="3">
              <value>
                <![CDATA[true]]>
              </value>
            </param>
          </params>
          <reporter-output>
          </reporter-output>
        </test-method> <!-- test01 -->
        <test-method status="PASS" signature="test01(java.lang.String, java.lang.String, double, boolean)[pri:0, instance:excel.XLSlDataProviderTestNGDemo@20398b7c]" name="test01" duration-ms="29" started-at="2018-03-15T17:18:20Z" data-provider="xls_provider" finished-at="2018-03-15T17:18:20Z">
          <params>
            <param index="0">
              <value>
                <![CDATA[05]]>
              </value>
            </param>
            <param index="1">
              <value>
                <![CDATA[Name05]]>
              </value>
            </param>
            <param index="2">
              <value>
                <![CDATA[14.0]]>
              </value>
            </param>
            <param index="3">
              <value>
                <![CDATA[true]]>
              </value>
            </param>
          </params>
          <reporter-output>
          </reporter-output>
        </test-method> <!-- test01 -->
        <test-method status="PASS" signature="test01(java.lang.String, java.lang.String, double, boolean)[pri:0, instance:excel.XLSlDataProviderTestNGDemo@20398b7c]" name="test01" duration-ms="3" started-at="2018-03-15T17:18:20Z" data-provider="xls_provider" finished-at="2018-03-15T17:18:20Z">
          <params>
            <param index="0">
              <value>
                <![CDATA[06]]>
              </value>
            </param>
            <param index="1">
              <value>
                <![CDATA[Name06]]>
              </value>
            </param>
            <param index="2">
              <value>
                <![CDATA[34.0]]>
              </value>
            </param>
            <param index="3">
              <value>
                <![CDATA[false]]>
              </value>
            </param>
          </params>
          <reporter-output>
          </reporter-output>
        </test-method> <!-- test01 -->
        <test-method status="PASS" signature="test01(java.lang.String, java.lang.String, double, boolean)[pri:0, instance:excel.XLSlDataProviderTestNGDemo@20398b7c]" name="test01" duration-ms="4" started-at="2018-03-15T17:18:20Z" data-provider="xls_provider" finished-at="2018-03-15T17:18:20Z">
          <params>
            <param index="0">
              <value>
                <![CDATA[07]]>
              </value>
            </param>
            <param index="1">
              <value>
                <![CDATA[Name07]]>
              </value>
            </param>
            <param index="2">
              <value>
                <![CDATA[67.0]]>
              </value>
            </param>
            <param index="3">
              <value>
                <![CDATA[true]]>
              </value>
            </param>
          </params>
          <reporter-output>
          </reporter-output>
        </test-method> <!-- test01 -->
        <test-method status="PASS" signature="test01(java.lang.String, java.lang.String, double, boolean)[pri:0, instance:excel.XLSlDataProviderTestNGDemo@20398b7c]" name="test01" duration-ms="9" started-at="2018-03-15T17:18:20Z" data-provider="xls_provider" finished-at="2018-03-15T17:18:20Z">
          <params>
            <param index="0">
              <value>
                <![CDATA[08]]>
              </value>
            </param>
            <param index="1">
              <value>
                <![CDATA[Name08]]>
              </value>
            </param>
            <param index="2">
              <value>
                <![CDATA[22.0]]>
              </value>
            </param>
            <param index="3">
              <value>
                <![CDATA[false]]>
              </value>
            </param>
          </params>
          <reporter-output>
          </reporter-output>
        </test-method> <!-- test01 -->
        <test-method status="PASS" signature="test01(java.lang.String, java.lang.String, double, boolean)[pri:0, instance:excel.XLSlDataProviderTestNGDemo@20398b7c]" name="test01" duration-ms="4" started-at="2018-03-15T17:18:20Z" data-provider="xls_provider" finished-at="2018-03-15T17:18:20Z">
          <params>
            <param index="0">
              <value>
                <![CDATA[09]]>
              </value>
            </param>
            <param index="1">
              <value>
                <![CDATA[Name09]]>
              </value>
            </param>
            <param index="2">
              <value>
                <![CDATA[18.0]]>
              </value>
            </param>
            <param index="3">
              <value>
                <![CDATA[true]]>
              </value>
            </param>
          </params>
          <reporter-output>
          </reporter-output>
        </test-method> <!-- test01 -->
        <test-method status="PASS" signature="test01(java.lang.String, java.lang.String, double, boolean)[pri:0, instance:excel.XLSlDataProviderTestNGDemo@20398b7c]" name="test01" duration-ms="6" started-at="2018-03-15T17:18:20Z" data-provider="xls_provider" finished-at="2018-03-15T17:18:20Z">
          <params>
            <param index="0">
              <value>
                <![CDATA[10]]>
              </value>
            </param>
            <param index="1">
              <value>
                <![CDATA[Name10]]>
              </value>
            </param>
            <param index="2">
              <value>
                <![CDATA[19.0]]>
              </value>
            </param>
            <param index="3">
              <value>
                <![CDATA[true]]>
              </value>
            </param>
          </params>
          <reporter-output>
          </reporter-output>
        </test-method> <!-- test01 -->
        <test-method status="PASS" signature="test02(boolean, double, java.lang.String, java.util.Date, java.util.Date, double)[pri:0, instance:excel.XLSlDataProviderTestNGDemo@20398b7c]" name="test02" duration-ms="4" started-at="2018-03-15T17:18:21Z" data-provider="xlsx_provider" finished-at="2018-03-15T17:18:21Z">
          <params>
            <param index="0">
              <value>
                <![CDATA[true]]>
              </value>
            </param>
            <param index="1">
              <value>
                <![CDATA[1.0]]>
              </value>
            </param>
            <param index="2">
              <value>
                <![CDATA[testuser1]]>
              </value>
            </param>
            <param index="3">
              <value>
                <![CDATA[Wed Sep 12 00:00:00 IST 1956]]>
              </value>
            </param>
            <param index="4">
              <value>
                <![CDATA[Thu Mar 15 00:00:00 IST 2018]]>
              </value>
            </param>
            <param index="5">
              <value>
                <![CDATA[61.5]]>
              </value>
            </param>
          </params>
          <reporter-output>
          </reporter-output>
        </test-method> <!-- test02 -->
        <test-method status="PASS" signature="test02(boolean, double, java.lang.String, java.util.Date, java.util.Date, double)[pri:0, instance:excel.XLSlDataProviderTestNGDemo@20398b7c]" name="test02" duration-ms="6" started-at="2018-03-15T17:18:21Z" data-provider="xlsx_provider" finished-at="2018-03-15T17:18:21Z">
          <params>
            <param index="0">
              <value>
                <![CDATA[true]]>
              </value>
            </param>
            <param index="1">
              <value>
                <![CDATA[2.0]]>
              </value>
            </param>
            <param index="2">
              <value>
                <![CDATA[testuser2]]>
              </value>
            </param>
            <param index="3">
              <value>
                <![CDATA[Mon May 17 00:00:00 IST 1976]]>
              </value>
            </param>
            <param index="4">
              <value>
                <![CDATA[Thu Mar 15 00:00:00 IST 2018]]>
              </value>
            </param>
            <param index="5">
              <value>
                <![CDATA[41.9]]>
              </value>
            </param>
          </params>
          <reporter-output>
          </reporter-output>
        </test-method> <!-- test02 -->
        <test-method status="PASS" signature="test02(boolean, double, java.lang.String, java.util.Date, java.util.Date, double)[pri:0, instance:excel.XLSlDataProviderTestNGDemo@20398b7c]" name="test02" duration-ms="1" started-at="2018-03-15T17:18:21Z" data-provider="xlsx_provider" finished-at="2018-03-15T17:18:21Z">
          <params>
            <param index="0">
              <value>
                <![CDATA[false]]>
              </value>
            </param>
            <param index="1">
              <value>
                <![CDATA[3.0]]>
              </value>
            </param>
            <param index="2">
              <value>
                <![CDATA[testuser3]]>
              </value>
            </param>
            <param index="3">
              <value>
                <![CDATA[Mon Aug 14 00:00:00 IST 2000]]>
              </value>
            </param>
            <param index="4">
              <value>
                <![CDATA[Thu Mar 15 00:00:00 IST 2018]]>
              </value>
            </param>
            <param index="5">
              <value>
                <![CDATA[17.6]]>
              </value>
            </param>
          </params>
          <reporter-output>
          </reporter-output>
        </test-method> <!-- test02 -->
        <test-method status="PASS" signature="test02(boolean, double, java.lang.String, java.util.Date, java.util.Date, double)[pri:0, instance:excel.XLSlDataProviderTestNGDemo@20398b7c]" name="test02" duration-ms="3" started-at="2018-03-15T17:18:21Z" data-provider="xlsx_provider" finished-at="2018-03-15T17:18:21Z">
          <params>
            <param index="0">
              <value>
                <![CDATA[true]]>
              </value>
            </param>
            <param index="1">
              <value>
                <![CDATA[4.0]]>
              </value>
            </param>
            <param index="2">
              <value>
                <![CDATA[testuser4]]>
              </value>
            </param>
            <param index="3">
              <value>
                <![CDATA[Tue Apr 03 00:00:00 IST 1990]]>
              </value>
            </param>
            <param index="4">
              <value>
                <![CDATA[Thu Mar 15 00:00:00 IST 2018]]>
              </value>
            </param>
            <param index="5">
              <value>
                <![CDATA[28.0]]>
              </value>
            </param>
          </params>
          <reporter-output>
          </reporter-output>
        </test-method> <!-- test02 -->
        <test-method status="PASS" signature="test02(boolean, double, java.lang.String, java.util.Date, java.util.Date, double)[pri:0, instance:excel.XLSlDataProviderTestNGDemo@20398b7c]" name="test02" duration-ms="4" started-at="2018-03-15T17:18:21Z" data-provider="xlsx_provider" finished-at="2018-03-15T17:18:21Z">
          <params>
            <param index="0">
              <value>
                <![CDATA[true]]>
              </value>
            </param>
            <param index="1">
              <value>
                <![CDATA[5.0]]>
              </value>
            </param>
            <param index="2">
              <value>
                <![CDATA[testuser5]]>
              </value>
            </param>
            <param index="3">
              <value>
                <![CDATA[Thu Dec 06 00:00:00 IST 1979]]>
              </value>
            </param>
            <param index="4">
              <value>
                <![CDATA[Thu Mar 15 00:00:00 IST 2018]]>
              </value>
            </param>
            <param index="5">
              <value>
                <![CDATA[38.3]]>
              </value>
            </param>
          </params>
          <reporter-output>
          </reporter-output>
        </test-method> <!-- test02 -->
      </class> <!-- excel.XLSlDataProviderTestNGDemo -->
    </test> <!-- Default test -->
  </suite> <!-- Default suite -->
</testng-results>
