<?xml version="1.0" encoding="UTF-8"?>
<!-- Generated by org.testng.reporters.JUnitXMLReporter -->
<testsuite hostname="DESKTOP-8T7H1GT" ignored="1" name="GroupsDemo" tests="3" failures="0" timestamp="18 Dec 2017 05:48:24 GMT" time="0.046" errors="0">
  <testcase name="testBMWX6" time="0.0" classname="testng_groups.TestNG_Grouping"/>
  <testcase name="testHondaCBR" time="0.0" classname="testng_groups.TestNG_Grouping"/>
  <testcase name="testNinja" time="0.0" classname="testng_groups.TestNG_Grouping"/>
  <testcase name="testAudiA6" time="0.0" classname="testng_groups.TestNG_Grouping">
    <ignored/>
  </testcase> <!-- testAudiA6 -->
</testsuite> <!-- GroupsDemo -->
