<?xml version="1.0" encoding="UTF-8"?>
<!-- Generated by org.testng.reporters.JUnitXMLReporter -->
<testsuite hostname="DESKTOP-8T7H1GT" ignored="0" name="FireFox Linux Test" tests="1" failures="0" timestamp="07 Dec 2017 23:23:21 GMT" time="29.229" errors="0">
  <testcase name="@BeforeClass setup" time="1.219" classname="selgrid.TestSuiteBase">
    <failure type="org.openqa.selenium.WebDriverException" message="Unable to parse remote response: &amp;lt;html&amp;gt;
&amp;lt;head&amp;gt;
&amp;lt;meta http-equiv=&amp;quot;Content-Type&amp;quot; content=&amp;quot;text/html;charset=utf-8&amp;quot;/&amp;gt;
&amp;lt;title&amp;gt;Error 500 Server Error&amp;lt;/title&amp;gt;
&amp;lt;/head&amp;gt;
&amp;lt;body&amp;gt;&amp;lt;h2&amp;gt;HTTP ERROR 500&amp;lt;/h2&amp;gt;
&amp;lt;p&amp;gt;Problem accessing /wd/hub/session. Reason:
&amp;lt;pre&amp;gt;    Server Error&amp;lt;/pre&amp;gt;&amp;lt;/p&amp;gt;&amp;lt;h3&amp;gt;Caused by:&amp;lt;/h3&amp;gt;&amp;lt;pre&amp;gt;java.io.IOException: org.openqa.grid.common.exception.GridException: Cannot extract a capabilities from the request: {
  &amp;amp;quot;desiredCapabilities&amp;amp;quot;: {
    &amp;amp;quot;platform&amp;amp;quot;: &amp;amp;quot;MAC&amp;amp;quot;
  },
  &amp;amp;quot;requiredCapabilities&amp;amp;quot;: {},
  &amp;amp;quot;capabilities&amp;amp;quot;: {
    &amp;amp;quot;desiredCapabilities&amp;amp;quot;: {
      &amp;amp;quot;platform&amp;amp;quot;: &amp;amp;quot;MAC&amp;amp;quot;
    },
    &amp;amp;quot;requiredCapabilities&amp;amp;quot;: {},
    &amp;amp;quot;alwaysMatch&amp;amp;quot;: {},
    &amp;amp;quot;firstMatch&amp;amp;quot;: []
  }
}
	at org.openqa.grid.web.servlet.DriverServlet.process(DriverServlet.java:135)
	at org.openqa.grid.web.servlet.DriverServlet.doPost(DriverServlet.java:68)
	at javax.servlet.http.HttpServlet.service(HttpServlet.java:707)
	at javax.servlet.http.HttpServlet.service(HttpServlet.java:790)
	at org.seleniumhq.jetty9.servlet.ServletHolder.handle(ServletHolder.java:841)
	at org.seleniumhq.jetty9.servlet.ServletHandler.doHandle(ServletHandler.java:535)
	at org.seleniumhq.jetty9.server.handler.ScopedHandler.nextHandle(ScopedHandler.java:188)
	at org.seleniumhq.jetty9.server.session.SessionHandler.doHandle(SessionHandler.java:1595)
	at org.seleniumhq.jetty9.server.handler.ScopedHandler.nextHandle(ScopedHandler.java:188)
	at org.seleniumhq.jetty9.server.handler.ContextHandler.doHandle(ContextHandler.java:1253)
	at org.seleniumhq.jetty9.server.handler.ScopedHandler.nextScope(ScopedHandler.java:168)
	at org.seleniumhq.jetty9.servlet.ServletHandler.doScope(ServletHandler.java:473)
	at org.seleniumhq.jetty9.server.session.SessionHandler.doScope(SessionHandler.java:1564)
	at org.seleniumhq.jetty9.server.handler.ScopedHandler.nextScope(ScopedHandler.java:166)
	at org.seleniumhq.jetty9.server.handler.ContextHandler.doScope(ContextHandler.java:1155)
	at org.seleniumhq.jetty9.server.handler.ScopedHandler.handle(ScopedHandler.java:141)
	at org.seleniumhq.jetty9.server.handler.HandlerWrapper.handle(HandlerWrapper.java:132)
	at org.seleniumhq.jetty9.server.Server.handle(Server.java:561)
	at org.seleniumhq.jetty9.server.HttpChannel.handle(HttpChannel.java:334)
	at org.seleniumhq.jetty9.server.HttpConnection.onFillable(HttpConnection.java:251)
	at org.seleniumhq.jetty9.io.AbstractConnection$ReadCallback.succeeded(AbstractConnection.java:279)
	at org.seleniumhq.jetty9.io.FillInterest.fillable(FillInterest.java:104)
	at org.seleniumhq.jetty9.io.ChannelEndPoint$2.run(ChannelEndPoint.java:124)
	at org.seleniumhq.jetty9.util.thread.strategy.EatWhatYouKill.doProduce(EatWhatYouKill.java:247)
	at org.seleniumhq.jetty9.util.thread.strategy.EatWhatYouKill.produce(EatWhatYouKill.java:140)
	at org.seleniumhq.jetty9.util.thread.strategy.EatWhatYouKill.run(EatWhatYouKill.java:131)
	at org.seleniumhq.jetty9.util.thread.ReservedThreadExecutor$ReservedThread.run(ReservedThreadExecutor.java:243)
	at org.seleniumhq.jetty9.util.thread.QueuedThreadPool.runJob(QueuedThreadPool.java:679)
	at org.seleniumhq.jetty9.util.thread.QueuedThreadPool$2.run(QueuedThreadPool.java:597)
	at java.lang.Thread.run(Unknown Source)
Caused by: org.openqa.grid.common.exception.GridException: Cannot extract a capabilities from the request: {
  &amp;amp;quot;desiredCapabilities&amp;amp;quot;: {
    &amp;amp;quot;platform&amp;amp;quot;: &amp;amp;quot;MAC&amp;amp;quot;
  },
  &amp;amp;quot;requiredCapabilities&amp;amp;quot;: {},
  &amp;amp;quot;capabilities&amp;amp;quot;: {
    &amp;amp;quot;desiredCapabilities&amp;amp;quot;: {
      &amp;amp;quot;platform&amp;amp;quot;: &amp;amp;quot;MAC&amp;amp;quot;
    },
    &amp;amp;quot;requiredCapabilities&amp;amp;quot;: {},
    &amp;amp;quot;alwaysMatch&amp;amp;quot;: {},
    &amp;amp;quot;firstMatch&amp;amp;quot;: []
  }
}
	at org.openqa.grid.web.servlet.handler.WebDriverRequest.extractDesiredCapability(WebDriverRequest.java:76)
	at org.openqa.grid.web.servlet.handler.SeleniumBasedRequest.&amp;amp;lt;init&amp;amp;gt;(SeleniumBasedRequest.java:102)
	at org.openqa.grid.web.servlet.handler.WebDriverRequest.&amp;amp;lt;init&amp;amp;gt;(WebDriverRequest.java:36)
	at org.openqa.grid.web.servlet.handler.WebDriverRequestFactory.createFromRequest(WebDriverRequestFactory.java:30)
	at org.openqa.grid.web.servlet.handler.SeleniumBasedRequest.createFromRequest(SeleniumBasedRequest.java:73)
	at org.openqa.grid.web.servlet.DriverServlet.process(DriverServlet.java:82)
	... 29 more
Caused by: java.lang.IllegalArgumentException: First match w3c capabilities is zero length
	at org.openqa.selenium.remote.NewSessionPayload.validate(NewSessionPayload.java:178)
	at org.openqa.selenium.remote.NewSessionPayload.&amp;amp;lt;init&amp;amp;gt;(NewSessionPayload.java:163)
	at org.openqa.selenium.remote.NewSessionPayload.create(NewSessionPayload.java:118)
	at org.openqa.grid.web.servlet.handler.WebDriverRequest.extractDesiredCapability(WebDriverRequest.java:66)
	... 34 more
&amp;lt;/pre&amp;gt;
&amp;lt;h3&amp;gt;Caused by:&amp;lt;/h3&amp;gt;&amp;lt;pre&amp;gt;org.openqa.grid.common.exception.GridException: Cannot extract a capabilities from the request: {
  &amp;amp;quot;desiredCapabilities&amp;amp;quot;: {
    &amp;amp;quot;platform&amp;amp;quot;: &amp;amp;quot;MAC&amp;amp;quot;
  },
  &amp;amp;quot;requiredCapabilities&amp;amp;quot;: {},
  &amp;amp;quot;capabilities&amp;amp;quot;: {
    &amp;amp;quot;desiredCapabilities&amp;amp;quot;: {
      &amp;amp;quot;platform&amp;amp;quot;: &amp;amp;quot;MAC&amp;amp;quot;
    },
    &amp;amp;quot;requiredCapabilities&amp;amp;quot;: {},
    &amp;amp;quot;alwaysMatch&amp;amp;quot;: {},
    &amp;amp;quot;firstMatch&amp;amp;quot;: []
  }
}
	at org.openqa.grid.web.servlet.handler.WebDriverRequest.extractDesiredCapability(WebDriverRequest.java:76)
	at org.openqa.grid.web.servlet.handler.SeleniumBasedRequest.&amp;amp;lt;init&amp;amp;gt;(SeleniumBasedRequest.java:102)
	at org.openqa.grid.web.servlet.handler.WebDriverRequest.&amp;amp;lt;init&amp;amp;gt;(WebDriverRequest.java:36)
	at org.openqa.grid.web.servlet.handler.WebDriverRequestFactory.createFromRequest(WebDriverRequestFactory.java:30)
	at org.openqa.grid.web.servlet.handler.SeleniumBasedRequest.createFromRequest(SeleniumBasedRequest.java:73)
	at org.openqa.grid.web.servlet.DriverServlet.process(DriverServlet.java:82)
	at org.openqa.grid.web.servlet.DriverServlet.doPost(DriverServlet.java:68)
	at javax.servlet.http.HttpServlet.service(HttpServlet.java:707)
	at javax.servlet.http.HttpServlet.service(HttpServlet.java:790)
	at org.seleniumhq.jetty9.servlet.ServletHolder.handle(ServletHolder.java:841)
	at org.seleniumhq.jetty9.servlet.ServletHandler.doHandle(ServletHandler.java:535)
	at org.seleniumhq.jetty9.server.handler.ScopedHandler.nextHandle(ScopedHandler.java:188)
	at org.seleniumhq.jetty9.server.session.SessionHandler.doHandle(SessionHandler.java:1595)
	at org.seleniumhq.jetty9.server.handler.ScopedHandler.nextHandle(ScopedHandler.java:188)
	at org.seleniumhq.jetty9.server.handler.ContextHandler.doHandle(ContextHandler.java:1253)
	at org.seleniumhq.jetty9.server.handler.ScopedHandler.nextScope(ScopedHandler.java:168)
	at org.seleniumhq.jetty9.servlet.ServletHandler.doScope(ServletHandler.java:473)
	at org.seleniumhq.jetty9.server.session.SessionHandler.doScope(SessionHandler.java:1564)
	at org.seleniumhq.jetty9.server.handler.ScopedHandler.nextScope(ScopedHandler.java:166)
	at org.seleniumhq.jetty9.server.handler.ContextHandler.doScope(ContextHandler.java:1155)
	at org.seleniumhq.jetty9.server.handler.ScopedHandler.handle(ScopedHandler.java:141)
	at org.seleniumhq.jetty9.server.handler.HandlerWrapper.handle(HandlerWrapper.java:132)
	at org.seleniumhq.jetty9.server.Server.handle(Server.java:561)
	at org.seleniumhq.jetty9.server.HttpChannel.handle(HttpChannel.java:334)
	at org.seleniumhq.jetty9.server.HttpConnection.onFillable(HttpConnection.java:251)
	at org.seleniumhq.jetty9.io.AbstractConnection$ReadCallback.succeeded(AbstractConnection.java:279)
	at org.seleniumhq.jetty9.io.FillInterest.fillable(FillInterest.java:104)
	at org.seleniumhq.jetty9.io.ChannelEndPoint$2.run(ChannelEndPoint.java:124)
	at org.seleniumhq.jetty9.util.thread.strategy.EatWhatYouKill.doProduce(EatWhatYouKill.java:247)
	at org.seleniumhq.jetty9.util.thread.strategy.EatWhatYouKill.produce(EatWhatYouKill.java:140)
	at org.seleniumhq.jetty9.util.thread.strategy.EatWhatYouKill.run(EatWhatYouKill.java:131)
	at org.seleniumhq.jetty9.util.thread.ReservedThreadExecutor$ReservedThread.run(ReservedThreadExecutor.java:243)
	at org.seleniumhq.jetty9.util.thread.QueuedThreadPool.runJob(QueuedThreadPool.java:679)
	at org.seleniumhq.jetty9.util.thread.QueuedThreadPool$2.run(QueuedThreadPool.java:597)
	at java.lang.Thread.run(Unknown Source)
Caused by: java.lang.IllegalArgumentException: First match w3c capabilities is zero length
	at org.openqa.selenium.remote.NewSessionPayload.validate(NewSessionPayload.java:178)
	at org.openqa.selenium.remote.NewSessionPayload.&amp;amp;lt;init&amp;amp;gt;(NewSessionPayload.java:163)
	at org.openqa.selenium.remote.NewSessionPayload.create(NewSessionPayload.java:118)
	at org.openqa.grid.web.servlet.handler.WebDriverRequest.extractDesiredCapability(WebDriverRequest.java:66)
	... 34 more
&amp;lt;/pre&amp;gt;
&amp;lt;h3&amp;gt;Caused by:&amp;lt;/h3&amp;gt;&amp;lt;pre&amp;gt;java.lang.IllegalArgumentException: First match w3c capabilities is zero length
	at org.openqa.selenium.remote.NewSessionPayload.validate(NewSessionPayload.java:178)
	at org.openqa.selenium.remote.NewSessionPayload.&amp;amp;lt;init&amp;amp;gt;(NewSessionPayload.java:163)
	at org.openqa.selenium.remote.NewSessionPayload.create(NewSessionPayload.java:118)
	at org.openqa.grid.web.servlet.handler.WebDriverRequest.extractDesiredCapability(WebDriverRequest.java:66)
	at org.openqa.grid.web.servlet.handler.SeleniumBasedRequest.&amp;amp;lt;init&amp;amp;gt;(SeleniumBasedRequest.java:102)
	at org.openqa.grid.web.servlet.handler.WebDriverRequest.&amp;amp;lt;init&amp;amp;gt;(WebDriverRequest.java:36)
	at org.openqa.grid.web.servlet.handler.WebDriverRequestFactory.createFromRequest(WebDriverRequestFactory.java:30)
	at org.openqa.grid.web.servlet.handler.SeleniumBasedRequest.createFromRequest(SeleniumBasedRequest.java:73)
	at org.openqa.grid.web.servlet.DriverServlet.process(DriverServlet.java:82)
	at org.openqa.grid.web.servlet.DriverServlet.doPost(DriverServlet.java:68)
	at javax.servlet.http.HttpServlet.service(HttpServlet.java:707)
	at javax.servlet.http.HttpServlet.service(HttpServlet.java:790)
	at org.seleniumhq.jetty9.servlet.ServletHolder.handle(ServletHolder.java:841)
	at org.seleniumhq.jetty9.servlet.ServletHandler.doHandle(ServletHandler.java:535)
	at org.seleniumhq.jetty9.server.handler.ScopedHandler.nextHandle(ScopedHandler.java:188)
	at org.seleniumhq.jetty9.server.session.SessionHandler.doHandle(SessionHandler.java:1595)
	at org.seleniumhq.jetty9.server.handler.ScopedHandler.nextHandle(ScopedHandler.java:188)
	at org.seleniumhq.jetty9.server.handler.ContextHandler.doHandle(ContextHandler.java:1253)
	at org.seleniumhq.jetty9.server.handler.ScopedHandler.nextScope(ScopedHandler.java:168)
	at org.seleniumhq.jetty9.servlet.ServletHandler.doScope(ServletHandler.java:473)
	at org.seleniumhq.jetty9.server.session.SessionHandler.doScope(SessionHandler.java:1564)
	at org.seleniumhq.jetty9.server.handler.ScopedHandler.nextScope(ScopedHandler.java:166)
	at org.seleniumhq.jetty9.server.handler.ContextHandler.doScope(ContextHandler.java:1155)
	at org.seleniumhq.jetty9.server.handler.ScopedHandler.handle(ScopedHandler.java:141)
	at org.seleniumhq.jetty9.server.handler.HandlerWrapper.handle(HandlerWrapper.java:132)
	at org.seleniumhq.jetty9.server.Server.handle(Server.java:561)
	at org.seleniumhq.jetty9.server.HttpChannel.handle(HttpChannel.java:334)
	at org.seleniumhq.jetty9.server.HttpConnection.onFillable(HttpConnection.java:251)
	at org.seleniumhq.jetty9.io.AbstractConnection$ReadCallback.succeeded(AbstractConnection.java:279)
	at org.seleniumhq.jetty9.io.FillInterest.fillable(FillInterest.java:104)
	at org.seleniumhq.jetty9.io.ChannelEndPoint$2.run(ChannelEndPoint.java:124)
	at org.seleniumhq.jetty9.util.thread.strategy.EatWhatYouKill.doProduce(EatWhatYouKill.java:247)
	at org.seleniumhq.jetty9.util.thread.strategy.EatWhatYouKill.produce(EatWhatYouKill.java:140)
	at org.seleniumhq.jetty9.util.thread.strategy.EatWhatYouKill.run(EatWhatYouKill.java:131)
	at org.seleniumhq.jetty9.util.thread.ReservedThreadExecutor$ReservedThread.run(ReservedThreadExecutor.java:243)
	at org.seleniumhq.jetty9.util.thread.QueuedThreadPool.runJob(QueuedThreadPool.java:679)
	at org.seleniumhq.jetty9.util.thread.QueuedThreadPool$2.run(QueuedThreadPool.java:597)
	at java.lang.Thread.run(Unknown Source)
&amp;lt;/pre&amp;gt;
&amp;lt;hr&amp;gt;&amp;lt;a href=&amp;quot;http://eclipse.org/jetty&amp;quot;&amp;gt;Powered by Jetty:// 9.4.7.v20170914&amp;lt;/a&amp;gt;&amp;lt;hr/&amp;gt;

&amp;lt;/body&amp;gt;
&amp;lt;/html&amp;gt;

Build info: version: &amp;apos;3.6.0&amp;apos;, revision: &amp;apos;6fbf3ec767&amp;apos;, time: &amp;apos;2017-09-27T15:28:36.4Z&amp;apos;
System info: host: &amp;apos;DESKTOP-8T7H1GT&amp;apos;, ip: &amp;apos;192.168.56.1&amp;apos;, os.name: &amp;apos;Windows 10&amp;apos;, os.arch: &amp;apos;amd64&amp;apos;, os.version: &amp;apos;10.0&amp;apos;, java.version: &amp;apos;1.8.0_152&amp;apos;
Driver info: driver.version: RemoteWebDriver">
      <![CDATA[org.openqa.selenium.WebDriverException: Unable to parse remote response: <html>
<head>
<meta http-equiv="Content-Type" content="text/html;charset=utf-8"/>
<title>Error 500 Server Error</title>
</head>
<body><h2>HTTP ERROR 500</h2>
<p>Problem accessing /wd/hub/session. Reason:
<pre>    Server Error</pre></p><h3>Caused by:</h3><pre>java.io.IOException: org.openqa.grid.common.exception.GridException: Cannot extract a capabilities from the request: {
  &quot;desiredCapabilities&quot;: {
    &quot;platform&quot;: &quot;MAC&quot;
  },
  &quot;requiredCapabilities&quot;: {},
  &quot;capabilities&quot;: {
    &quot;desiredCapabilities&quot;: {
      &quot;platform&quot;: &quot;MAC&quot;
    },
    &quot;requiredCapabilities&quot;: {},
    &quot;alwaysMatch&quot;: {},
    &quot;firstMatch&quot;: []
  }
}
	at org.openqa.grid.web.servlet.DriverServlet.process(DriverServlet.java:135)
	at org.openqa.grid.web.servlet.DriverServlet.doPost(DriverServlet.java:68)
	at javax.servlet.http.HttpServlet.service(HttpServlet.java:707)
	at javax.servlet.http.HttpServlet.service(HttpServlet.java:790)
	at org.seleniumhq.jetty9.servlet.ServletHolder.handle(ServletHolder.java:841)
	at org.seleniumhq.jetty9.servlet.ServletHandler.doHandle(ServletHandler.java:535)
	at org.seleniumhq.jetty9.server.handler.ScopedHandler.nextHandle(ScopedHandler.java:188)
	at org.seleniumhq.jetty9.server.session.SessionHandler.doHandle(SessionHandler.java:1595)
	at org.seleniumhq.jetty9.server.handler.ScopedHandler.nextHandle(ScopedHandler.java:188)
	at org.seleniumhq.jetty9.server.handler.ContextHandler.doHandle(ContextHandler.java:1253)
	at org.seleniumhq.jetty9.server.handler.ScopedHandler.nextScope(ScopedHandler.java:168)
	at org.seleniumhq.jetty9.servlet.ServletHandler.doScope(ServletHandler.java:473)
	at org.seleniumhq.jetty9.server.session.SessionHandler.doScope(SessionHandler.java:1564)
	at org.seleniumhq.jetty9.server.handler.ScopedHandler.nextScope(ScopedHandler.java:166)
	at org.seleniumhq.jetty9.server.handler.ContextHandler.doScope(ContextHandler.java:1155)
	at org.seleniumhq.jetty9.server.handler.ScopedHandler.handle(ScopedHandler.java:141)
	at org.seleniumhq.jetty9.server.handler.HandlerWrapper.handle(HandlerWrapper.java:132)
	at org.seleniumhq.jetty9.server.Server.handle(Server.java:561)
	at org.seleniumhq.jetty9.server.HttpChannel.handle(HttpChannel.java:334)
	at org.seleniumhq.jetty9.server.HttpConnection.onFillable(HttpConnection.java:251)
	at org.seleniumhq.jetty9.io.AbstractConnection$ReadCallback.succeeded(AbstractConnection.java:279)
	at org.seleniumhq.jetty9.io.FillInterest.fillable(FillInterest.java:104)
	at org.seleniumhq.jetty9.io.ChannelEndPoint$2.run(ChannelEndPoint.java:124)
	at org.seleniumhq.jetty9.util.thread.strategy.EatWhatYouKill.doProduce(EatWhatYouKill.java:247)
	at org.seleniumhq.jetty9.util.thread.strategy.EatWhatYouKill.produce(EatWhatYouKill.java:140)
	at org.seleniumhq.jetty9.util.thread.strategy.EatWhatYouKill.run(EatWhatYouKill.java:131)
	at org.seleniumhq.jetty9.util.thread.ReservedThreadExecutor$ReservedThread.run(ReservedThreadExecutor.java:243)
	at org.seleniumhq.jetty9.util.thread.QueuedThreadPool.runJob(QueuedThreadPool.java:679)
	at org.seleniumhq.jetty9.util.thread.QueuedThreadPool$2.run(QueuedThreadPool.java:597)
	at java.lang.Thread.run(Unknown Source)
Caused by: org.openqa.grid.common.exception.GridException: Cannot extract a capabilities from the request: {
  &quot;desiredCapabilities&quot;: {
    &quot;platform&quot;: &quot;MAC&quot;
  },
  &quot;requiredCapabilities&quot;: {},
  &quot;capabilities&quot;: {
    &quot;desiredCapabilities&quot;: {
      &quot;platform&quot;: &quot;MAC&quot;
    },
    &quot;requiredCapabilities&quot;: {},
    &quot;alwaysMatch&quot;: {},
    &quot;firstMatch&quot;: []
  }
}
	at org.openqa.grid.web.servlet.handler.WebDriverRequest.extractDesiredCapability(WebDriverRequest.java:76)
	at org.openqa.grid.web.servlet.handler.SeleniumBasedRequest.&lt;init&gt;(SeleniumBasedRequest.java:102)
	at org.openqa.grid.web.servlet.handler.WebDriverRequest.&lt;init&gt;(WebDriverRequest.java:36)
	at org.openqa.grid.web.servlet.handler.WebDriverRequestFactory.createFromRequest(WebDriverRequestFactory.java:30)
	at org.openqa.grid.web.servlet.handler.SeleniumBasedRequest.createFromRequest(SeleniumBasedRequest.java:73)
	at org.openqa.grid.web.servlet.DriverServlet.process(DriverServlet.java:82)
	... 29 more
Caused by: java.lang.IllegalArgumentException: First match w3c capabilities is zero length
	at org.openqa.selenium.remote.NewSessionPayload.validate(NewSessionPayload.java:178)
	at org.openqa.selenium.remote.NewSessionPayload.&lt;init&gt;(NewSessionPayload.java:163)
	at org.openqa.selenium.remote.NewSessionPayload.create(NewSessionPayload.java:118)
	at org.openqa.grid.web.servlet.handler.WebDriverRequest.extractDesiredCapability(WebDriverRequest.java:66)
	... 34 more
</pre>
<h3>Caused by:</h3><pre>org.openqa.grid.common.exception.GridException: Cannot extract a capabilities from the request: {
  &quot;desiredCapabilities&quot;: {
    &quot;platform&quot;: &quot;MAC&quot;
  },
  &quot;requiredCapabilities&quot;: {},
  &quot;capabilities&quot;: {
    &quot;desiredCapabilities&quot;: {
      &quot;platform&quot;: &quot;MAC&quot;
    },
    &quot;requiredCapabilities&quot;: {},
    &quot;alwaysMatch&quot;: {},
    &quot;firstMatch&quot;: []
  }
}
	at org.openqa.grid.web.servlet.handler.WebDriverRequest.extractDesiredCapability(WebDriverRequest.java:76)
	at org.openqa.grid.web.servlet.handler.SeleniumBasedRequest.&lt;init&gt;(SeleniumBasedRequest.java:102)
	at org.openqa.grid.web.servlet.handler.WebDriverRequest.&lt;init&gt;(WebDriverRequest.java:36)
	at org.openqa.grid.web.servlet.handler.WebDriverRequestFactory.createFromRequest(WebDriverRequestFactory.java:30)
	at org.openqa.grid.web.servlet.handler.SeleniumBasedRequest.createFromRequest(SeleniumBasedRequest.java:73)
	at org.openqa.grid.web.servlet.DriverServlet.process(DriverServlet.java:82)
	at org.openqa.grid.web.servlet.DriverServlet.doPost(DriverServlet.java:68)
	at javax.servlet.http.HttpServlet.service(HttpServlet.java:707)
	at javax.servlet.http.HttpServlet.service(HttpServlet.java:790)
	at org.seleniumhq.jetty9.servlet.ServletHolder.handle(ServletHolder.java:841)
	at org.seleniumhq.jetty9.servlet.ServletHandler.doHandle(ServletHandler.java:535)
	at org.seleniumhq.jetty9.server.handler.ScopedHandler.nextHandle(ScopedHandler.java:188)
	at org.seleniumhq.jetty9.server.session.SessionHandler.doHandle(SessionHandler.java:1595)
	at org.seleniumhq.jetty9.server.handler.ScopedHandler.nextHandle(ScopedHandler.java:188)
	at org.seleniumhq.jetty9.server.handler.ContextHandler.doHandle(ContextHandler.java:1253)
	at org.seleniumhq.jetty9.server.handler.ScopedHandler.nextScope(ScopedHandler.java:168)
	at org.seleniumhq.jetty9.servlet.ServletHandler.doScope(ServletHandler.java:473)
	at org.seleniumhq.jetty9.server.session.SessionHandler.doScope(SessionHandler.java:1564)
	at org.seleniumhq.jetty9.server.handler.ScopedHandler.nextScope(ScopedHandler.java:166)
	at org.seleniumhq.jetty9.server.handler.ContextHandler.doScope(ContextHandler.java:1155)
	at org.seleniumhq.jetty9.server.handler.ScopedHandler.handle(ScopedHandler.java:141)
	at org.seleniumhq.jetty9.server.handler.HandlerWrapper.handle(HandlerWrapper.java:132)
	at org.seleniumhq.jetty9.server.Server.handle(Server.java:561)
	at org.seleniumhq.jetty9.server.HttpChannel.handle(HttpChannel.java:334)
	at org.seleniumhq.jetty9.server.HttpConnection.onFillable(HttpConnection.java:251)
	at org.seleniumhq.jetty9.io.AbstractConnection$ReadCallback.succeeded(AbstractConnection.java:279)
	at org.seleniumhq.jetty9.io.FillInterest.fillable(FillInterest.java:104)
	at org.seleniumhq.jetty9.io.ChannelEndPoint$2.run(ChannelEndPoint.java:124)
	at org.seleniumhq.jetty9.util.thread.strategy.EatWhatYouKill.doProduce(EatWhatYouKill.java:247)
	at org.seleniumhq.jetty9.util.thread.strategy.EatWhatYouKill.produce(EatWhatYouKill.java:140)
	at org.seleniumhq.jetty9.util.thread.strategy.EatWhatYouKill.run(EatWhatYouKill.java:131)
	at org.seleniumhq.jetty9.util.thread.ReservedThreadExecutor$ReservedThread.run(ReservedThreadExecutor.java:243)
	at org.seleniumhq.jetty9.util.thread.QueuedThreadPool.runJob(QueuedThreadPool.java:679)
	at org.seleniumhq.jetty9.util.thread.QueuedThreadPool$2.run(QueuedThreadPool.java:597)
	at java.lang.Thread.run(Unknown Source)
Caused by: java.lang.IllegalArgumentException: First match w3c capabilities is zero length
	at org.openqa.selenium.remote.NewSessionPayload.validate(NewSessionPayload.java:178)
	at org.openqa.selenium.remote.NewSessionPayload.&lt;init&gt;(NewSessionPayload.java:163)
	at org.openqa.selenium.remote.NewSessionPayload.create(NewSessionPayload.java:118)
	at org.openqa.grid.web.servlet.handler.WebDriverRequest.extractDesiredCapability(WebDriverRequest.java:66)
	... 34 more
</pre>
<h3>Caused by:</h3><pre>java.lang.IllegalArgumentException: First match w3c capabilities is zero length
	at org.openqa.selenium.remote.NewSessionPayload.validate(NewSessionPayload.java:178)
	at org.openqa.selenium.remote.NewSessionPayload.&lt;init&gt;(NewSessionPayload.java:163)
	at org.openqa.selenium.remote.NewSessionPayload.create(NewSessionPayload.java:118)
	at org.openqa.grid.web.servlet.handler.WebDriverRequest.extractDesiredCapability(WebDriverRequest.java:66)
	at org.openqa.grid.web.servlet.handler.SeleniumBasedRequest.&lt;init&gt;(SeleniumBasedRequest.java:102)
	at org.openqa.grid.web.servlet.handler.WebDriverRequest.&lt;init&gt;(WebDriverRequest.java:36)
	at org.openqa.grid.web.servlet.handler.WebDriverRequestFactory.createFromRequest(WebDriverRequestFactory.java:30)
	at org.openqa.grid.web.servlet.handler.SeleniumBasedRequest.createFromRequest(SeleniumBasedRequest.java:73)
	at org.openqa.grid.web.servlet.DriverServlet.process(DriverServlet.java:82)
	at org.openqa.grid.web.servlet.DriverServlet.doPost(DriverServlet.java:68)
	at javax.servlet.http.HttpServlet.service(HttpServlet.java:707)
	at javax.servlet.http.HttpServlet.service(HttpServlet.java:790)
	at org.seleniumhq.jetty9.servlet.ServletHolder.handle(ServletHolder.java:841)
	at org.seleniumhq.jetty9.servlet.ServletHandler.doHandle(ServletHandler.java:535)
	at org.seleniumhq.jetty9.server.handler.ScopedHandler.nextHandle(ScopedHandler.java:188)
	at org.seleniumhq.jetty9.server.session.SessionHandler.doHandle(SessionHandler.java:1595)
	at org.seleniumhq.jetty9.server.handler.ScopedHandler.nextHandle(ScopedHandler.java:188)
	at org.seleniumhq.jetty9.server.handler.ContextHandler.doHandle(ContextHandler.java:1253)
	at org.seleniumhq.jetty9.server.handler.ScopedHandler.nextScope(ScopedHandler.java:168)
	at org.seleniumhq.jetty9.servlet.ServletHandler.doScope(ServletHandler.java:473)
	at org.seleniumhq.jetty9.server.session.SessionHandler.doScope(SessionHandler.java:1564)
	at org.seleniumhq.jetty9.server.handler.ScopedHandler.nextScope(ScopedHandler.java:166)
	at org.seleniumhq.jetty9.server.handler.ContextHandler.doScope(ContextHandler.java:1155)
	at org.seleniumhq.jetty9.server.handler.ScopedHandler.handle(ScopedHandler.java:141)
	at org.seleniumhq.jetty9.server.handler.HandlerWrapper.handle(HandlerWrapper.java:132)
	at org.seleniumhq.jetty9.server.Server.handle(Server.java:561)
	at org.seleniumhq.jetty9.server.HttpChannel.handle(HttpChannel.java:334)
	at org.seleniumhq.jetty9.server.HttpConnection.onFillable(HttpConnection.java:251)
	at org.seleniumhq.jetty9.io.AbstractConnection$ReadCallback.succeeded(AbstractConnection.java:279)
	at org.seleniumhq.jetty9.io.FillInterest.fillable(FillInterest.java:104)
	at org.seleniumhq.jetty9.io.ChannelEndPoint$2.run(ChannelEndPoint.java:124)
	at org.seleniumhq.jetty9.util.thread.strategy.EatWhatYouKill.doProduce(EatWhatYouKill.java:247)
	at org.seleniumhq.jetty9.util.thread.strategy.EatWhatYouKill.produce(EatWhatYouKill.java:140)
	at org.seleniumhq.jetty9.util.thread.strategy.EatWhatYouKill.run(EatWhatYouKill.java:131)
	at org.seleniumhq.jetty9.util.thread.ReservedThreadExecutor$ReservedThread.run(ReservedThreadExecutor.java:243)
	at org.seleniumhq.jetty9.util.thread.QueuedThreadPool.runJob(QueuedThreadPool.java:679)
	at org.seleniumhq.jetty9.util.thread.QueuedThreadPool$2.run(QueuedThreadPool.java:597)
	at java.lang.Thread.run(Unknown Source)
</pre>
<hr><a href="http://eclipse.org/jetty">Powered by Jetty:// 9.4.7.v20170914</a><hr/>

</body>
</html>

Build info: version: '3.6.0', revision: '6fbf3ec767', time: '2017-09-27T15:28:36.4Z'
System info: host: 'DESKTOP-8T7H1GT', ip: '192.168.56.1', os.name: 'Windows 10', os.arch: 'amd64', os.version: '10.0', java.version: '1.8.0_152'
Driver info: driver.version: RemoteWebDriver
	at org.openqa.selenium.remote.ProtocolHandshake.createSession(ProtocolHandshake.java:347)
	at org.openqa.selenium.remote.ProtocolHandshake.createSession(ProtocolHandshake.java:136)
	at org.openqa.selenium.remote.HttpCommandExecutor.execute(HttpCommandExecutor.java:142)
	at org.openqa.selenium.remote.RemoteWebDriver.execute(RemoteWebDriver.java:586)
	at org.openqa.selenium.remote.RemoteWebDriver.startSession(RemoteWebDriver.java:217)
	at org.openqa.selenium.remote.RemoteWebDriver.<init>(RemoteWebDriver.java:140)
	at org.openqa.selenium.remote.RemoteWebDriver.<init>(RemoteWebDriver.java:153)
	at selgrid.TestSuiteBase.getDriverInstance(TestSuiteBase.java:60)
	at selgrid.TestSuiteBase.setup(TestSuiteBase.java:25)
	at java.util.concurrent.FutureTask.run(Unknown Source)
	at java.util.concurrent.ThreadPoolExecutor.runWorker(Unknown Source)
	at java.util.concurrent.ThreadPoolExecutor$Worker.run(Unknown Source)
	at java.lang.Thread.run(Unknown Source)
... Removed 16 stack frames]]>
    </failure>
  </testcase> <!-- @BeforeClass setup -->
  <testcase name="@BeforeClass beforeClass" time="0.0" classname="selgrid.SeleniumGrid_ParallelTestFramework">
    <skipped/>
  </testcase> <!-- @BeforeClass beforeClass -->
  <testcase name="@AfterClass tearDown" time="0.0" classname="selgrid.SeleniumGrid_ParallelTestFramework">
    <skipped/>
  </testcase> <!-- @AfterClass tearDown -->
  <testcase name="@AfterClass afterClass" time="0.0" classname="selgrid.TestSuiteBase">
    <skipped/>
  </testcase> <!-- @AfterClass afterClass -->
  <testcase name="searchFlights" time="1.09" classname="selgrid.SeleniumGrid_ParallelTestFramework"/>
</testsuite> <!-- FireFox Linux Test -->
