<?xml version="1.0" encoding="UTF-8"?>
<!-- Generated by org.testng.reporters.JUnitXMLReporter -->
<testsuite hostname="DESKTOP-8T7H1GT" ignored="0" name="Create Address" tests="1" failures="0" timestamp="03 Nov 2017 20:10:39 GMT" time="28.047" errors="0">
  <testcase name="@AfterClass afterClass" time="0.0" classname="com.test.mystore.MyStoreUIWebBase">
    <failure type="java.lang.NumberFormatException" message="null">
      <![CDATA[java.lang.NumberFormatException: null
	at java.lang.Long.parseLong(Unknown Source)
	at java.lang.Long.parseLong(Unknown Source)
	at com.test.mystore.MyStoreUIWebBase.afterClass(MyStoreUIWebBase.java:62)
... Removed 25 stack frames]]>
    </failure>
  </testcase> <!-- @AfterClass afterClass -->
  <testcase name="@AfterTest afterMyStoreUIWebTest" time="0.0" classname="com.test.mystore.MyStoreUIWebBase">
    <skipped/>
  </testcase> <!-- @AfterTest afterMyStoreUIWebTest -->
  <testcase name="t02_NavigateToAddresses" time="12.261" classname="com.test.mystore.ui_tests.CreateAddress"/>
</testsuite> <!-- Create Address -->
