<?xml version="1.0" encoding="UTF-8"?>
<!-- Generated by org.testng.reporters.JUnitXMLReporter -->
<testsuite hostname="DESKTOP-8T7H1GT" ignored="0" name="Smoke-Mozilla" tests="3" failures="0" timestamp="08 Nov 2017 07:10:32 GMT" time="272.276" errors="0">
  <testcase name="t01_Login" time="78.43" classname="com.test.mystore.ui_tests.Login_Logout"/>
  <testcase name="t02_NavigateToAddresses" time="51.643" classname="com.test.mystore.ui_tests.CreateAddress"/>
  <testcase name="t01_goToMyAccountLinks" time="87.139" classname="com.test.mystore.ui_tests.MyAcctLinkNavigations"/>
</testsuite> <!-- Smoke-Mozilla -->
