<?xml version="1.0" encoding="UTF-8"?>
<!-- Generated by org.testng.reporters.JUnitXMLReporter -->
<testsuite hostname="DESKTOP-8T7H1GT" ignored="0" name="Smoke-nonUI" tests="6" failures="2" timestamp="08 Nov 2017 07:05:59 GMT" time="0.078" errors="0">
  <testcase name="f1" time="0.017" classname="com.test.mystore.ui_tests.Test1"/>
  <testcase name="f2" time="0.003" classname="com.test.mystore.ui_tests.Test1"/>
  <testcase name="f3" time="0.003" classname="com.test.mystore.ui_tests.Test1">
    <failure type="java.lang.ClassCastException" message="com.test.mystore.ui_tests.Test1 cannot be cast to com.test.BaseTest">
      <![CDATA[java.lang.ClassCastException: com.test.mystore.ui_tests.Test1 cannot be cast to com.test.BaseTest
	at com.lib.util.listeners.Retry.extendReportsFailOperations(Retry.java:37)
	at com.lib.util.listeners.Retry.retry(Retry.java:26)
	at java.util.concurrent.FutureTask.run(Unknown Source)
	at java.util.concurrent.ThreadPoolExecutor.runWorker(Unknown Source)
	at java.util.concurrent.ThreadPoolExecutor$Worker.run(Unknown Source)
	at java.lang.Thread.run(Unknown Source)
... Removed 12 stack frames]]>
    </failure>
  </testcase> <!-- f3 -->
  <testcase name="f2_1" time="0.002" classname="com.test.mystore.ui_tests.Test2"/>
  <testcase name="f2_2" time="0.002" classname="com.test.mystore.ui_tests.Test2">
    <failure type="java.lang.ClassCastException" message="com.test.mystore.ui_tests.Test2 cannot be cast to com.test.BaseTest">
      <![CDATA[java.lang.ClassCastException: com.test.mystore.ui_tests.Test2 cannot be cast to com.test.BaseTest
	at com.lib.util.listeners.Retry.extendReportsFailOperations(Retry.java:37)
	at com.lib.util.listeners.Retry.retry(Retry.java:26)
	at java.util.concurrent.FutureTask.run(Unknown Source)
	at java.util.concurrent.ThreadPoolExecutor.runWorker(Unknown Source)
	at java.util.concurrent.ThreadPoolExecutor$Worker.run(Unknown Source)
	at java.lang.Thread.run(Unknown Source)
... Removed 12 stack frames]]>
    </failure>
  </testcase> <!-- f2_2 -->
  <testcase name="f2_3" time="0.001" classname="com.test.mystore.ui_tests.Test2"/>
</testsuite> <!-- Smoke-nonUI -->
