<?xml version="1.0" encoding="UTF-8"?>
<!-- Generated by org.testng.reporters.JUnitXMLReporter -->
<testsuite hostname="DESKTOP-8T7H1GT" ignored="8" name="Smoke" tests="3" failures="0" timestamp="06 Nov 2017 05:03:23 GMT" time="89.13" errors="0">
  <testcase name="t01_Login" time="4.123" classname="com.test.mystore.ui_tests.Login_Logout"/>
  <testcase name="t02_NavigateToAddresses" time="9.478" classname="com.test.mystore.ui_tests.CreateAddress"/>
  <testcase name="t01_goToMyAccountLinks" time="18.802" classname="com.test.mystore.ui_tests.MyAcctLinkNavigations"/>
  <testcase name="@AfterTest afterMyStoreUIWebTest" time="0.0" classname="com.test.mystore.MyStoreUIWebBase">
    <ignored/>
  </testcase> <!-- @AfterTest afterMyStoreUIWebTest -->
  <testcase name="@AfterTest afterMyStoreUIWebTest" time="0.0" classname="com.test.mystore.MyStoreUIWebBase">
    <ignored/>
  </testcase> <!-- @AfterTest afterMyStoreUIWebTest -->
  <testcase name="@BeforeTest beforeMyStoreUIWebTest" time="0.0" classname="com.test.mystore.MyStoreUIWebBase">
    <ignored/>
  </testcase> <!-- @BeforeTest beforeMyStoreUIWebTest -->
  <testcase name="@BeforeTest beforeMyStoreUIWebTest" time="0.0" classname="com.test.mystore.MyStoreUIWebBase">
    <ignored/>
  </testcase> <!-- @BeforeTest beforeMyStoreUIWebTest -->
  <testcase name="@AfterSuite afterMyStoreUIWebSuite" time="0.0" classname="com.test.mystore.MyStoreUIWebBase">
    <ignored/>
  </testcase> <!-- @AfterSuite afterMyStoreUIWebSuite -->
  <testcase name="@AfterSuite afterMyStoreUIWebSuite" time="0.0" classname="com.test.mystore.MyStoreUIWebBase">
    <ignored/>
  </testcase> <!-- @AfterSuite afterMyStoreUIWebSuite -->
  <testcase name="@BeforeSuite beforeMyStoreUIWebSuite" time="0.0" classname="com.test.mystore.MyStoreUIWebBase">
    <ignored/>
  </testcase> <!-- @BeforeSuite beforeMyStoreUIWebSuite -->
  <testcase name="@BeforeSuite beforeMyStoreUIWebSuite" time="0.0" classname="com.test.mystore.MyStoreUIWebBase">
    <ignored/>
  </testcase> <!-- @BeforeSuite beforeMyStoreUIWebSuite -->
</testsuite> <!-- Smoke -->
