<?xml version="1.0" encoding="UTF-8"?>
<!-- Generated by org.testng.reporters.JUnitXMLReporter -->
<testsuite hostname="DESKTOP-8T7H1GT" ignored="0" name="Smoke-Chrome" tests="4" failures="0" timestamp="08 Nov 2017 07:10:36 GMT" time="276.858" errors="0">
  <testcase name="t01_Login" time="69.74" classname="com.test.mystore.ui_tests.Login_Logout">
    <skipped/>
  </testcase> <!-- t01_Login -->
  <testcase name="t01_Login" time="39.092" classname="com.test.mystore.ui_tests.Login_Logout"/>
  <testcase name="t02_NavigateToAddresses" time="78.61" classname="com.test.mystore.ui_tests.CreateAddress"/>
  <testcase name="t01_goToMyAccountLinks" time="59.026" classname="com.test.mystore.ui_tests.MyAcctLinkNavigations"/>
</testsuite> <!-- Smoke-Chrome -->
