<?xml version="1.0" encoding="UTF-8"?>
<!-- Generated by org.testng.reporters.JUnitXMLReporter -->
<testsuite hostname="DESKTOP-8T7H1GT" ignored="0" name="Test2" tests="4" failures="1" timestamp="13 Nov 2017 07:14:38 GMT" time="0.032" errors="0">
  <testcase name="testClass1_test1" time="0.0" classname="testnglisteners.TestClass1"/>
  <testcase name="testClass1_test2" time="0.0" classname="testnglisteners.TestClass1">
    <failure type="java.lang.AssertionError" message="expected [true] but found [false]">
      <![CDATA[java.lang.AssertionError: expected [true] but found [false]
	at testnglisteners.TestClass1.testClass1_test2(TestClass1.java:26)
... Removed 29 stack frames]]>
    </failure>
  </testcase> <!-- testClass1_test2 -->
  <testcase name="testClass2_test1" time="0.0" classname="testnglisteners.TestClass2"/>
  <testcase name="testClass2_test2" time="0.0" classname="testnglisteners.TestClass2"/>
</testsuite> <!-- Test2 -->
