<?xml version="1.0" encoding="UTF-8"?>
<!-- Generated by org.testng.reporters.JUnitXMLReporter -->
<testsuite hostname="DESKTOP-8T7H1GT" ignored="0" name="Test1" tests="2" failures="1" timestamp="13 Nov 2017 07:47:08 GMT" time="13.496" errors="0">
  <testcase name="testClass1_test1" time="8.363" classname="testnglisteners.TestClass1"/>
  <testcase name="testClass1_test2" time="0.002" classname="testnglisteners.TestClass1">
    <failure type="java.lang.AssertionError" message="expected [true] but found [false]">
      <![CDATA[java.lang.AssertionError: expected [true] but found [false]
	at testnglisteners.TestClass1.testClass1_test2(TestClass1.java:47)
... Removed 29 stack frames]]>
    </failure>
  </testcase> <!-- testClass1_test2 -->
</testsuite> <!-- Test1 -->
