<?xml version="1.0" encoding="UTF-8"?>
<!-- Generated by org.testng.reporters.JUnitXMLReporter -->
<testsuite hostname="DESKTOP-8T7H1GT" ignored="0" name="Smoke-nonUI-DummyTests" tests="10" failures="2" timestamp="08 Nov 2017 13:48:21 GMT" time="0.107" errors="0">
  <testcase name="f1_1" time="0.016" classname="com.test.mystore.ui_tests.Test1"/>
  <testcase name="f1_2" time="0.004" classname="com.test.mystore.ui_tests.Test1"/>
  <testcase name="f1_3" time="0.0" classname="com.test.mystore.ui_tests.Test1">
    <skipped/>
  </testcase> <!-- f1_3 -->
  <testcase name="f1_3" time="0.0" classname="com.test.mystore.ui_tests.Test1">
    <skipped/>
  </testcase> <!-- f1_3 -->
  <testcase name="f1_3" time="0.004" classname="com.test.mystore.ui_tests.Test1">
    <failure type="java.lang.AssertionError" message="expected [true] but found [false]">
      <![CDATA[java.lang.AssertionError: expected [true] but found [false]
	at com.test.mystore.ui_tests.Test1.f1_3(Test1.java:34)
	at java.util.concurrent.FutureTask.run(Unknown Source)
	at java.util.concurrent.ThreadPoolExecutor.runWorker(Unknown Source)
	at java.util.concurrent.ThreadPoolExecutor$Worker.run(Unknown Source)
	at java.lang.Thread.run(Unknown Source)
... Removed 20 stack frames]]>
    </failure>
  </testcase> <!-- f1_3 -->
  <testcase name="f2_1" time="0.0" classname="com.test.mystore.ui_tests.Test2"/>
  <testcase name="f2_2" time="0.0" classname="com.test.mystore.ui_tests.Test2">
    <skipped/>
  </testcase> <!-- f2_2 -->
  <testcase name="f2_2" time="0.0" classname="com.test.mystore.ui_tests.Test2">
    <skipped/>
  </testcase> <!-- f2_2 -->
  <testcase name="f2_2" time="0.0" classname="com.test.mystore.ui_tests.Test2">
    <failure type="java.lang.AssertionError" message="expected [true] but found [false]">
      <![CDATA[java.lang.AssertionError: expected [true] but found [false]
	at com.test.mystore.ui_tests.Test2.f2_2(Test2.java:28)
	at java.util.concurrent.FutureTask.run(Unknown Source)
	at java.util.concurrent.ThreadPoolExecutor.runWorker(Unknown Source)
	at java.util.concurrent.ThreadPoolExecutor$Worker.run(Unknown Source)
	at java.lang.Thread.run(Unknown Source)
... Removed 20 stack frames]]>
    </failure>
  </testcase> <!-- f2_2 -->
  <testcase name="f2_3" time="0.0" classname="com.test.mystore.ui_tests.Test2"/>
</testsuite> <!-- Smoke-nonUI-DummyTests -->
