<?xml version="1.0" encoding="UTF-8"?>
<!-- Generated by org.testng.reporters.JUnitXMLReporter -->
<testsuite hostname="DESKTOP-8T7H1GT" ignored="0" name="Smoke-UIWeb-Mozilla" tests="2" failures="0" timestamp="08 Nov 2017 13:49:43 GMT" time="81.392" errors="0">
  <testcase name="t01_Login" time="38.794" classname="com.test.mystore.ui_tests.Login_Logout">
    <skipped/>
  </testcase> <!-- t01_Login -->
  <testcase name="t01_Login" time="21.326" classname="com.test.mystore.ui_tests.Login_Logout"/>
</testsuite> <!-- Smoke-UIWeb-Mozilla -->
